[DEBUG]2025-07-17 17:00:00.755 < , line:0 >   "execCommand : echo $LANG" 
[INFO]2025-07-17 17:00:00.784 < QMvMainWindow.cpp, line:149 >   Open Client 
[ERROR]2025-07-17 17:00:00.785 < CommonInterface.cpp, line:667 >   loadFavoritesXml failed. 
[INFO]2025-07-17 17:00:00.813 < DevicesEnum.cpp, line:58 >   "Begin Enum Devices; CameraType: 1" 
[INFO]2025-07-17 17:00:00.813 < DevicesEnum.cpp, line:58 >   "Begin Enum Devices; CameraType: 4" 
[INFO]2025-07-17 17:00:00.814 < DevicesEnum.cpp, line:58 >   "End Enum Devices; CameraType: 4" 
[WARN]2025-07-17 17:00:00.905 < , line:0 >   QLayout: Cannot add a null widget to QVBoxLayout/ 
[INFO]2025-07-17 17:00:00.908 < MVMultiRenderWidget.cpp, line:415 >   "Add The Render Widget Into Ceil [Camera ID : -1]" 
[INFO]2025-07-17 17:00:00.917 < DevicesEnum.cpp, line:58 >   "End Enum Devices; CameraType: 1" 
[DEBUG]2025-07-17 17:00:00.931 < QMvMainWindow.cpp, line:255 >   "/opt/MVS/bin/MVS" 
[INFO]2025-07-17 17:00:00.935 < DevicesEnum.cpp, line:58 >   "Begin Enum Devices; CameraType: 4" 
[INFO]2025-07-17 17:00:00.936 < DevicesEnum.cpp, line:58 >   "End Enum Devices; CameraType: 4" 
[INFO]2025-07-17 17:00:00.937 < DevicesEnum.cpp, line:58 >   "Begin Enum Devices; CameraType: 1" 
[INFO]2025-07-17 17:00:00.941 < DevicesEnum.cpp, line:58 >   "Begin Enum Devices; CameraType: 16" 
[INFO]2025-07-17 17:00:00.966 < DevicesEnum.cpp, line:58 >   "Begin Enum Devices; CameraType: 4" 
[INFO]2025-07-17 17:00:01.040 < DevicesEnum.cpp, line:58 >   "End Enum Devices; CameraType: 1" 
[INFO]2025-07-17 17:00:01.040 < DevicesEnum.cpp, line:58 >   "Begin Enum Devices; CameraType: 1" 
[INFO]2025-07-17 17:00:01.053 < DevicesEnum.cpp, line:58 >   "EnumGenTLInterface count : 0" 
[INFO]2025-07-17 17:00:01.054 < DevicesEnum.cpp, line:58 >   "End Enum Devices; CameraType: 4" 
[INFO]2025-07-17 17:00:01.155 < DevicesEnum.cpp, line:58 >   "End Enum Devices; CameraType: 1" 
[INFO]2025-07-17 17:00:01.173 < DevicesEnum.cpp, line:58 >   "EnumGenTLInterface count : 0" 
[INFO]2025-07-17 17:00:01.173 < DevicesEnum.cpp, line:58 >   "EnumGenTLInterface count : 0" 
[INFO]2025-07-17 17:00:01.183 < DevicesEnum.cpp, line:58 >   "EnumGenTLInterface count : 0" 
[INFO]2025-07-17 17:00:01.183 < DevicesEnum.cpp, line:58 >   "End Enum Devices; CameraType: 16" 
[INFO]2025-07-17 17:00:01.196 < DevicesEnum.cpp, line:58 >   "Begin Enum Devices; CameraType: 4" 
[INFO]2025-07-17 17:00:01.196 < DevicesEnum.cpp, line:58 >   "Begin Enum Devices; CameraType: 1" 
[INFO]2025-07-17 17:00:01.198 < DevicesEnum.cpp, line:58 >   "End Enum Devices; CameraType: 4" 
[INFO]2025-07-17 17:00:01.301 < DevicesEnum.cpp, line:58 >   "End Enum Devices; CameraType: 1" 
[INFO]2025-07-17 17:00:31.579 < DevicesEnum.cpp, line:58 >   "Begin Enum Devices; CameraType: 1" 
[INFO]2025-07-17 17:00:31.583 < DevicesEnum.cpp, line:58 >   "Begin Enum Devices; CameraType: 4" 
[INFO]2025-07-17 17:00:31.682 < DevicesEnum.cpp, line:58 >   "End Enum Devices; CameraType: 1" 
[INFO]2025-07-17 17:00:31.683 < DevicesEnum.cpp, line:58 >   "End Enum Devices; CameraType: 4" 
[INFO]2025-07-17 17:01:01.581 < DevicesEnum.cpp, line:58 >   "Begin Enum Devices; CameraType: 1" 
[INFO]2025-07-17 17:01:01.582 < DevicesEnum.cpp, line:58 >   "Begin Enum Devices; CameraType: 4" 
[INFO]2025-07-17 17:01:01.744 < DevicesEnum.cpp, line:58 >   "End Enum Devices; CameraType: 4" 
[INFO]2025-07-17 17:01:01.745 < MVDeviceTree.cpp, line:963 >   "CameraName:MV-CS060-10UC-PRO (DA6122428)   To   CameraID:30001" 
[INFO]2025-07-17 17:01:01.844 < DevicesEnum.cpp, line:58 >   "End Enum Devices; CameraType: 1" 
[INFO]2025-07-17 17:01:10.500 < QMvCentralWindow.cpp, line:3345 >   "change Feature Widget [CameraID : 7531]" 
[INFO]2025-07-17 17:01:30.283 < QMvMainWindow.cpp, line:941 >   Accept close Client 
[DEBUG]2025-07-17 17:01:30.293 < , line:0 >   "execCommand : pidof MVS" 
[DEBUG]2025-07-17 17:01:30.301 < , line:0 >   "execCommand : kill -s 9 40572" 
[DEBUG]2025-07-17 17:01:31.323 < , line:0 >   "execCommand : echo $LANG" 
[INFO]2025-07-17 17:01:31.339 < QMvMainWindow.cpp, line:149 >   Open Client 
[ERROR]2025-07-17 17:01:31.339 < CommonInterface.cpp, line:667 >   loadFavoritesXml failed. 
[INFO]2025-07-17 17:01:31.358 < DevicesEnum.cpp, line:58 >   "Begin Enum Devices; CameraType: 1" 
[INFO]2025-07-17 17:01:31.358 < DevicesEnum.cpp, line:58 >   "Begin Enum Devices; CameraType: 4" 
[WARN]2025-07-17 17:01:31.440 < , line:0 >   QLayout: Cannot add a null widget to QVBoxLayout/ 
[INFO]2025-07-17 17:01:31.443 < MVMultiRenderWidget.cpp, line:415 >   "Add The Render Widget Into Ceil [Camera ID : -1]" 
[DEBUG]2025-07-17 17:01:31.464 < QMvMainWindow.cpp, line:255 >   "/opt/MVS/bin/MVS" 
[INFO]2025-07-17 17:01:31.474 < DevicesEnum.cpp, line:58 >   "Begin Enum Devices; CameraType: 16" 
[INFO]2025-07-17 17:01:31.498 < DevicesEnum.cpp, line:58 >   "End Enum Devices; CameraType: 4" 
[INFO]2025-07-17 17:01:31.510 < MVDeviceTree.cpp, line:963 >   "CameraName:MV-CS060-10UC-PRO (DA6122428)   To   CameraID:30001" 
[INFO]2025-07-17 17:01:31.599 < DevicesEnum.cpp, line:58 >   "End Enum Devices; CameraType: 1" 
[INFO]2025-07-17 17:01:31.599 < DevicesEnum.cpp, line:58 >   "Begin Enum Devices; CameraType: 1" 
[INFO]2025-07-17 17:01:31.612 < DevicesEnum.cpp, line:58 >   "EnumGenTLInterface count : 0" 
[INFO]2025-07-17 17:01:31.713 < DevicesEnum.cpp, line:58 >   "End Enum Devices; CameraType: 1" 
[INFO]2025-07-17 17:01:31.713 < DevicesEnum.cpp, line:58 >   "Begin Enum Devices; CameraType: 1" 
[INFO]2025-07-17 17:01:31.723 < DevicesEnum.cpp, line:58 >   "EnumGenTLInterface count : 0" 
[INFO]2025-07-17 17:01:31.824 < DevicesEnum.cpp, line:58 >   "End Enum Devices; CameraType: 1" 
[INFO]2025-07-17 17:01:31.824 < DevicesEnum.cpp, line:58 >   "EnumGenTLInterface count : 0" 
[INFO]2025-07-17 17:01:31.831 < DevicesEnum.cpp, line:58 >   "EnumGenTLInterface count : 0" 
[INFO]2025-07-17 17:01:31.832 < DevicesEnum.cpp, line:58 >   "End Enum Devices; CameraType: 16" 
[INFO]2025-07-17 17:01:31.834 < DevicesEnum.cpp, line:58 >   "Begin Enum Devices; CameraType: 1" 
[INFO]2025-07-17 17:01:31.898 < DevicesEnum.cpp, line:58 >   "Begin Enum Devices; CameraType: 4" 
[INFO]2025-07-17 17:01:31.936 < DevicesEnum.cpp, line:58 >   "End Enum Devices; CameraType: 1" 
[INFO]2025-07-17 17:01:31.938 < DevicesEnum.cpp, line:58 >   "End Enum Devices; CameraType: 4" 
[INFO]2025-07-17 17:01:31.938 < MVDeviceTree.cpp, line:1118 >   "CameraName:MV-CS060-10UC-PRO (DA6122428)   To   CameraID:30001" 
[INFO]2025-07-17 17:01:32.339 < DevicesEnum.cpp, line:58 >   "Begin Enum Devices; CameraType: 4" 
[INFO]2025-07-17 17:01:32.341 < DevicesEnum.cpp, line:58 >   "End Enum Devices; CameraType: 4" 
[INFO]2025-07-17 17:01:32.341 < MVDeviceTree.cpp, line:1118 >   "CameraName:MV-CS060-10UC-PRO (DA6122428)   To   CameraID:30001" 
[INFO]2025-07-17 17:01:32.742 < DevicesEnum.cpp, line:58 >   "Begin Enum Devices; CameraType: 4" 
[INFO]2025-07-17 17:01:32.744 < DevicesEnum.cpp, line:58 >   "End Enum Devices; CameraType: 4" 
[INFO]2025-07-17 17:01:32.744 < MVDeviceTree.cpp, line:1118 >   "CameraName:MV-CS060-10UC-PRO (DA6122428)   To   CameraID:30001" 
[INFO]2025-07-17 17:01:33.293 < QMvCentralWindow.cpp, line:3345 >   "change Feature Widget [CameraID : 7531]" 
[INFO]2025-07-17 17:02:01.577 < DevicesEnum.cpp, line:58 >   "Begin Enum Devices; CameraType: 4" 
[INFO]2025-07-17 17:02:01.584 < DevicesEnum.cpp, line:58 >   "Begin Enum Devices; CameraType: 1" 
[INFO]2025-07-17 17:02:01.737 < DevicesEnum.cpp, line:58 >   "End Enum Devices; CameraType: 4" 
[INFO]2025-07-17 17:02:01.737 < MVDeviceTree.cpp, line:1118 >   "CameraName:MV-CS060-10UC-PRO (DA6122428)   To   CameraID:30001" 
[INFO]2025-07-17 17:02:01.838 < DevicesEnum.cpp, line:58 >   "End Enum Devices; CameraType: 1" 
[INFO]2025-07-17 17:02:31.580 < DevicesEnum.cpp, line:58 >   "Begin Enum Devices; CameraType: 1" 
[INFO]2025-07-17 17:02:31.584 < DevicesEnum.cpp, line:58 >   "Begin Enum Devices; CameraType: 4" 
[INFO]2025-07-17 17:02:31.683 < DevicesEnum.cpp, line:58 >   "End Enum Devices; CameraType: 1" 
[INFO]2025-07-17 17:02:31.684 < DevicesEnum.cpp, line:58 >   "End Enum Devices; CameraType: 4" 
[INFO]2025-07-17 17:02:31.684 < MVDeviceTree.cpp, line:2412 >   "Enter onDeleteDevice,   CameraID:30001" 
[INFO]2025-07-17 17:02:31.685 < QMvCentralWindow.cpp, line:3345 >   "change Feature Widget [CameraID : ffffffffffffffff]" 
[INFO]2025-07-17 17:02:31.685 < MVDeviceTree.cpp, line:2431 >   "CameraName:   To   CameraID:30001" 
[INFO]2025-07-17 17:03:01.578 < DevicesEnum.cpp, line:58 >   "Begin Enum Devices; CameraType: 4" 
[INFO]2025-07-17 17:03:01.578 < DevicesEnum.cpp, line:58 >   "Begin Enum Devices; CameraType: 1" 
[INFO]2025-07-17 17:03:01.578 < DevicesEnum.cpp, line:58 >   "End Enum Devices; CameraType: 4" 
[INFO]2025-07-17 17:03:01.680 < DevicesEnum.cpp, line:58 >   "End Enum Devices; CameraType: 1" 
[INFO]2025-07-17 17:03:31.281 < QMvCentralWindow.cpp, line:3345 >   "change Feature Widget [CameraID : ffffffffffffffff]" 
[INFO]2025-07-17 17:03:31.578 < DevicesEnum.cpp, line:58 >   "Begin Enum Devices; CameraType: 1" 
[INFO]2025-07-17 17:03:31.579 < DevicesEnum.cpp, line:58 >   "Begin Enum Devices; CameraType: 4" 
[INFO]2025-07-17 17:03:31.718 < DevicesEnum.cpp, line:58 >   "End Enum Devices; CameraType: 4" 
[INFO]2025-07-17 17:03:31.718 < MVDeviceTree.cpp, line:963 >   "CameraName:MV-CS060-10UC-PRO (DA6122428)   To   CameraID:30001" 
[INFO]2025-07-17 17:03:31.818 < DevicesEnum.cpp, line:58 >   "End Enum Devices; CameraType: 1" 
[INFO]2025-07-17 17:03:32.654 < QMvCentralWindow.cpp, line:3345 >   "change Feature Widget [CameraID : 7531]" 
[INFO]2025-07-17 17:03:55.603 < DevicesEnum.cpp, line:58 >   "Begin Enum Devices; CameraType: 1" 
[INFO]2025-07-17 17:03:55.604 < DevicesEnum.cpp, line:58 >   "Begin Enum Devices; CameraType: 4" 
[INFO]2025-07-17 17:03:55.766 < DevicesEnum.cpp, line:58 >   "End Enum Devices; CameraType: 4" 
[INFO]2025-07-17 17:03:55.766 < MVDeviceTree.cpp, line:1118 >   "CameraName:MV-CS060-10UC-PRO (DA6122428)   To   CameraID:30001" 
[INFO]2025-07-17 17:03:55.866 < DevicesEnum.cpp, line:58 >   "End Enum Devices; CameraType: 1" 
[INFO]2025-07-17 17:03:56.777 < QMvMainWindow.cpp, line:941 >   Accept close Client 
[DEBUG]2025-07-17 17:03:56.789 < , line:0 >   "execCommand : pidof MVS" 
[DEBUG]2025-07-17 17:03:56.800 < , line:0 >   "execCommand : kill -s 9 46575" 
[DEBUG]2025-07-17 17:25:37.342 < , line:0 >   "execCommand : echo $LANG" 
[INFO]2025-07-17 17:25:37.359 < QMvMainWindow.cpp, line:149 >   Open Client 
[ERROR]2025-07-17 17:25:37.359 < CommonInterface.cpp, line:667 >   loadFavoritesXml failed. 
[INFO]2025-07-17 17:25:37.381 < DevicesEnum.cpp, line:58 >   "Begin Enum Devices; CameraType: 4" 
[INFO]2025-07-17 17:25:37.381 < DevicesEnum.cpp, line:58 >   "Begin Enum Devices; CameraType: 1" 
[INFO]2025-07-17 17:25:37.461 < DevicesEnum.cpp, line:58 >   "End Enum Devices; CameraType: 4" 
[WARN]2025-07-17 17:25:37.463 < , line:0 >   QLayout: Cannot add a null widget to QVBoxLayout/ 
[INFO]2025-07-17 17:25:37.466 < MVMultiRenderWidget.cpp, line:415 >   "Add The Render Widget Into Ceil [Camera ID : -1]" 
[DEBUG]2025-07-17 17:25:37.488 < QMvMainWindow.cpp, line:255 >   "/opt/MVS/bin/MVS" 
[INFO]2025-07-17 17:25:37.493 < DevicesEnum.cpp, line:58 >   "Begin Enum Devices; CameraType: 16" 
[INFO]2025-07-17 17:25:37.494 < MVDeviceTree.cpp, line:963 >   "CameraName:MV-CS060-10UC-PRO (DA6122428)   To   CameraID:30001" 
[INFO]2025-07-17 17:25:37.563 < DevicesEnum.cpp, line:58 >   "End Enum Devices; CameraType: 1" 
[INFO]2025-07-17 17:25:37.563 < DevicesEnum.cpp, line:58 >   "Begin Enum Devices; CameraType: 1" 
[INFO]2025-07-17 17:25:37.575 < DevicesEnum.cpp, line:58 >   "EnumGenTLInterface count : 0" 
[INFO]2025-07-17 17:25:37.675 < DevicesEnum.cpp, line:58 >   "End Enum Devices; CameraType: 1" 
[INFO]2025-07-17 17:25:37.675 < DevicesEnum.cpp, line:58 >   "Begin Enum Devices; CameraType: 1" 
[INFO]2025-07-17 17:25:37.690 < DevicesEnum.cpp, line:58 >   "EnumGenTLInterface count : 0" 
[INFO]2025-07-17 17:25:37.791 < DevicesEnum.cpp, line:58 >   "End Enum Devices; CameraType: 1" 
[INFO]2025-07-17 17:25:37.791 < DevicesEnum.cpp, line:58 >   "EnumGenTLInterface count : 0" 
[INFO]2025-07-17 17:25:37.799 < DevicesEnum.cpp, line:58 >   "EnumGenTLInterface count : 0" 
[INFO]2025-07-17 17:25:37.799 < DevicesEnum.cpp, line:58 >   "End Enum Devices; CameraType: 16" 
[INFO]2025-07-17 17:25:37.801 < DevicesEnum.cpp, line:58 >   "Begin Enum Devices; CameraType: 1" 
[INFO]2025-07-17 17:25:37.892 < DevicesEnum.cpp, line:58 >   "Begin Enum Devices; CameraType: 4" 
[INFO]2025-07-17 17:25:37.906 < DevicesEnum.cpp, line:58 >   "End Enum Devices; CameraType: 1" 
[INFO]2025-07-17 17:25:37.910 < DevicesEnum.cpp, line:58 >   "End Enum Devices; CameraType: 4" 
[INFO]2025-07-17 17:25:37.910 < MVDeviceTree.cpp, line:1118 >   "CameraName:MV-CS060-10UC-PRO (DA6122428)   To   CameraID:30001" 
[INFO]2025-07-17 17:25:38.310 < DevicesEnum.cpp, line:58 >   "Begin Enum Devices; CameraType: 4" 
[INFO]2025-07-17 17:25:38.312 < DevicesEnum.cpp, line:58 >   "End Enum Devices; CameraType: 4" 
[INFO]2025-07-17 17:25:38.313 < MVDeviceTree.cpp, line:1118 >   "CameraName:MV-CS060-10UC-PRO (DA6122428)   To   CameraID:30001" 
[INFO]2025-07-17 17:25:38.708 < QMvCentralWindow.cpp, line:3345 >   "change Feature Widget [CameraID : 7531]" 
[INFO]2025-07-17 17:25:38.713 < DevicesEnum.cpp, line:58 >   "Begin Enum Devices; CameraType: 4" 
[INFO]2025-07-17 17:25:38.716 < DevicesEnum.cpp, line:58 >   "End Enum Devices; CameraType: 4" 
[INFO]2025-07-17 17:25:38.716 < MVDeviceTree.cpp, line:1118 >   "CameraName:MV-CS060-10UC-PRO (DA6122428)   To   CameraID:30001" 
[INFO]2025-07-17 17:25:40.596 < MVOperateCameraThread.cpp, line:683 >   "正在打开相机...begin. ID:30001" 
[INFO]2025-07-17 17:25:41.406 < MVOperateCameraThread.cpp, line:229 >   "ConnectCamera succeed. [CameraID:30001]" 
[INFO]2025-07-17 17:25:41.406 < MVOperateCameraThread.cpp, line:711 >   "正在打开相机...end. ID:30001" 
[INFO]2025-07-17 17:25:41.565 < QMvCentralWindow.cpp, line:3345 >   "change Feature Widget [CameraID : 7531]" 
[DEBUG]2025-07-17 17:25:41.634 < , line:0 >   "execCommand : uname -a" 
[DEBUG]2025-07-17 17:25:41.636 < MVImgProcessingFeature.cpp, line:2461 >   "updateWatermarkState 0" 
[INFO]2025-07-17 17:25:41.640 < MVFeatureTree.cpp, line:2634 >   "MVFeatureTree::UpdateFeatures EventSelector" 
[INFO]2025-07-17 17:25:41.643 < MVFeatureTree.cpp, line:2634 >   "MVFeatureTree::UpdateFeatures EventSelector" 
[INFO]2025-07-17 17:25:41.647 < MVFeatureTree.cpp, line:2634 >   "MVFeatureTree::UpdateFeatures EventSelector" 
[INFO]2025-07-17 17:25:41.650 < MVFeatureTree.cpp, line:2634 >   "MVFeatureTree::UpdateFeatures EventSelector" 
[INFO]2025-07-17 17:25:41.654 < MVFeatureTree.cpp, line:2634 >   "MVFeatureTree::UpdateFeatures EventSelector" 
[INFO]2025-07-17 17:25:41.658 < MVFeatureTree.cpp, line:2634 >   "MVFeatureTree::UpdateFeatures EventSelector" 
[INFO]2025-07-17 17:25:41.661 < MVFeatureTree.cpp, line:2634 >   "MVFeatureTree::UpdateFeatures EventSelector" 
[INFO]2025-07-17 17:25:41.751 < MVMultiRenderWidget.cpp, line:415 >   "Add The Render Widget Into Ceil [Camera ID : 30001]" 
[DEBUG]2025-07-17 17:25:41.762 < MVImgProcessingFeature.cpp, line:2461 >   "updateWatermarkState 0" 
[INFO]2025-07-17 17:25:41.766 < MVFeatureTree.cpp, line:2634 >   "MVFeatureTree::UpdateFeatures EventSelector" 
[INFO]2025-07-17 17:25:41.770 < MVFeatureTree.cpp, line:2634 >   "MVFeatureTree::UpdateFeatures EventSelector" 
[INFO]2025-07-17 17:25:41.773 < MVFeatureTree.cpp, line:2634 >   "MVFeatureTree::UpdateFeatures EventSelector" 
[INFO]2025-07-17 17:25:41.777 < MVFeatureTree.cpp, line:2634 >   "MVFeatureTree::UpdateFeatures EventSelector" 
[INFO]2025-07-17 17:25:41.781 < MVFeatureTree.cpp, line:2634 >   "MVFeatureTree::UpdateFeatures EventSelector" 
[INFO]2025-07-17 17:25:41.784 < MVFeatureTree.cpp, line:2634 >   "MVFeatureTree::UpdateFeatures EventSelector" 
[INFO]2025-07-17 17:25:41.788 < MVFeatureTree.cpp, line:2634 >   "MVFeatureTree::UpdateFeatures EventSelector" 
[WARN]2025-07-17 17:25:41.802 < , line:0 >   QFont::setPixelSize: Pixel size <= 0 (-1) 
[INFO]2025-07-17 17:25:46.720 < QMvCentralWindow.cpp, line:3345 >   "change Feature Widget [CameraID : 7531]" 
[INFO]2025-07-17 17:25:46.724 < MVMultiRenderWidget.cpp, line:415 >   "Add The Render Widget Into Ceil [Camera ID : 30001]" 
[INFO]2025-07-17 17:25:48.881 < DevicesEnum.cpp, line:58 >   "Begin Enum Devices; CameraType: 16" 
[INFO]2025-07-17 17:25:48.881 < DevicesEnum.cpp, line:58 >   "EnumGenTLInterface count : 0" 
[INFO]2025-07-17 17:25:48.881 < DevicesEnum.cpp, line:58 >   "EnumGenTLInterface count : 0" 
[INFO]2025-07-17 17:25:48.881 < DevicesEnum.cpp, line:58 >   "EnumGenTLInterface count : 0" 
[INFO]2025-07-17 17:25:48.881 < DevicesEnum.cpp, line:58 >   "EnumGenTLInterface count : 0" 
[INFO]2025-07-17 17:25:48.881 < DevicesEnum.cpp, line:58 >   "End Enum Devices; CameraType: 16" 
[INFO]2025-07-17 17:25:48.900 < DevicesEnum.cpp, line:58 >   "Begin Enum Devices; CameraType: 1" 
[INFO]2025-07-17 17:25:48.901 < DevicesEnum.cpp, line:58 >   "Begin Enum Devices; CameraType: 4" 
[INFO]2025-07-17 17:25:48.904 < DevicesEnum.cpp, line:58 >   "End Enum Devices; CameraType: 4" 
[INFO]2025-07-17 17:25:48.904 < MVDeviceTree.cpp, line:1118 >   "CameraName:MV-CS060-10UC-PRO (DA6122428)   To   CameraID:30001" 
[INFO]2025-07-17 17:25:49.009 < DevicesEnum.cpp, line:58 >   "End Enum Devices; CameraType: 1" 
[INFO]2025-07-17 17:25:50.859 < MVOperateCameraThread.cpp, line:683 >   "正在开启采集...begin. ID:30001" 
[INFO]2025-07-17 17:25:50.883 < MVOperateCameraThread.cpp, line:345 >   "StartGrabbing Succeed. [CameraID:30001]" 
[INFO]2025-07-17 17:25:50.883 < MVOperateCameraThread.cpp, line:711 >   "正在开启采集...end. ID:30001" 
[ERROR]2025-07-17 17:25:50.883 < QRenderWidget.cpp, line:836 >   "GetOstSettingData Failed" 
[INFO]2025-07-17 17:25:50.884 < MVFeatureTree.cpp, line:2634 >   "MVFeatureTree::UpdateFeatures " 
[INFO]2025-07-17 17:25:50.905 < DevicesEnum.cpp, line:58 >   "Begin Enum Devices; CameraType: 1" 
[INFO]2025-07-17 17:25:50.907 < DevicesEnum.cpp, line:58 >   "Begin Enum Devices; CameraType: 4" 
[INFO]2025-07-17 17:25:50.931 < DevicesEnum.cpp, line:58 >   "End Enum Devices; CameraType: 4" 
[INFO]2025-07-17 17:25:50.931 < MVDeviceTree.cpp, line:1118 >   "CameraName:MV-CS060-10UC-PRO (DA6122428)   To   CameraID:30001" 
[INFO]2025-07-17 17:25:51.037 < DevicesEnum.cpp, line:58 >   "End Enum Devices; CameraType: 1" 
[ERROR]2025-07-17 17:25:51.044 < QRenderManager.cpp, line:1233 >   "SR_SetVerticalSyncPeriod failed.0x80050001" 
[WARN]2025-07-17 17:26:03.473 < , line:0 >   QPainter::begin: Paint device returned engine == 0, type: 2 
[WARN]2025-07-17 17:26:03.473 < , line:0 >   QPainter::setRenderHint: Painter must be active to set rendering hints 
[WARN]2025-07-17 17:26:03.473 < , line:0 >   QPainter::setPen: Painter not active 
[WARN]2025-07-17 17:26:03.473 < , line:0 >   QPainter::fillPath: Painter not active 
[WARN]2025-07-17 17:26:07.873 < , line:0 >   QPainter::begin: Paint device returned engine == 0, type: 2 
[WARN]2025-07-17 17:26:07.873 < , line:0 >   QPainter::setRenderHint: Painter must be active to set rendering hints 
[WARN]2025-07-17 17:26:07.873 < , line:0 >   QPainter::setPen: Painter not active 
[WARN]2025-07-17 17:26:07.873 < , line:0 >   QPainter::fillPath: Painter not active 
[WARN]2025-07-17 17:26:07.873 < , line:0 >   QPainter::begin: Paint device returned engine == 0, type: 2 
[WARN]2025-07-17 17:26:07.873 < , line:0 >   QPainter::setRenderHint: Painter must be active to set rendering hints 
[WARN]2025-07-17 17:26:07.873 < , line:0 >   QPainter::setPen: Painter not active 
[WARN]2025-07-17 17:26:07.873 < , line:0 >   QPainter::fillPath: Painter not active 
[INFO]2025-07-17 17:26:20.581 < DevicesEnum.cpp, line:58 >   "Begin Enum Devices; CameraType: 4" 
[INFO]2025-07-17 17:26:20.582 < DevicesEnum.cpp, line:58 >   "Begin Enum Devices; CameraType: 1" 
[INFO]2025-07-17 17:26:20.599 < DevicesEnum.cpp, line:58 >   "End Enum Devices; CameraType: 4" 
[INFO]2025-07-17 17:26:20.599 < MVDeviceTree.cpp, line:1118 >   "CameraName:MV-CS060-10UC-PRO (DA6122428)   To   CameraID:30001" 
[INFO]2025-07-17 17:26:20.700 < DevicesEnum.cpp, line:58 >   "End Enum Devices; CameraType: 1" 
[INFO]2025-07-17 17:26:25.721 < MVFeatureTree.cpp, line:744 >   "NodeName:ExposureTime, NodeValue:30000, [CameraID:30001]" 
[INFO]2025-07-17 17:26:25.821 < MVFeatureTree.cpp, line:2634 >   "MVFeatureTree::UpdateFeatures ExposureTime" 
[INFO]2025-07-17 17:26:50.586 < DevicesEnum.cpp, line:58 >   "Begin Enum Devices; CameraType: 4" 
[INFO]2025-07-17 17:26:50.586 < DevicesEnum.cpp, line:58 >   "Begin Enum Devices; CameraType: 1" 
[INFO]2025-07-17 17:26:50.594 < DevicesEnum.cpp, line:58 >   "End Enum Devices; CameraType: 4" 
[INFO]2025-07-17 17:26:50.595 < MVDeviceTree.cpp, line:1118 >   "CameraName:MV-CS060-10UC-PRO (DA6122428)   To   CameraID:30001" 
[INFO]2025-07-17 17:26:50.695 < DevicesEnum.cpp, line:58 >   "End Enum Devices; CameraType: 1" 
[INFO]2025-07-17 17:27:20.579 < DevicesEnum.cpp, line:58 >   "Begin Enum Devices; CameraType: 4" 
[INFO]2025-07-17 17:27:20.582 < DevicesEnum.cpp, line:58 >   "End Enum Devices; CameraType: 4" 
[INFO]2025-07-17 17:27:20.582 < MVDeviceTree.cpp, line:1118 >   "CameraName:MV-CS060-10UC-PRO (DA6122428)   To   CameraID:30001" 
[INFO]2025-07-17 17:27:20.585 < DevicesEnum.cpp, line:58 >   "Begin Enum Devices; CameraType: 1" 
[INFO]2025-07-17 17:27:20.691 < DevicesEnum.cpp, line:58 >   "End Enum Devices; CameraType: 1" 
[INFO]2025-07-17 17:27:50.581 < DevicesEnum.cpp, line:58 >   "Begin Enum Devices; CameraType: 4" 
[INFO]2025-07-17 17:27:50.582 < DevicesEnum.cpp, line:58 >   "Begin Enum Devices; CameraType: 1" 
[INFO]2025-07-17 17:27:50.585 < DevicesEnum.cpp, line:58 >   "End Enum Devices; CameraType: 4" 
[INFO]2025-07-17 17:27:50.585 < MVDeviceTree.cpp, line:1118 >   "CameraName:MV-CS060-10UC-PRO (DA6122428)   To   CameraID:30001" 
[INFO]2025-07-17 17:27:50.688 < DevicesEnum.cpp, line:58 >   "End Enum Devices; CameraType: 1" 
[INFO]2025-07-17 17:28:03.903 < QMvMainWindow.cpp, line:941 >   Accept close Client 
[INFO]2025-07-17 17:28:03.944 < MVOperateCameraThread.cpp, line:683 >   "正在停止采集...begin. ID:30001" 
[INFO]2025-07-17 17:28:04.900 < MVOperateCameraThread.cpp, line:382 >   "StopGrabbing Succeed. [CameraID:30001]" 
[INFO]2025-07-17 17:28:04.900 < MVOperateCameraThread.cpp, line:711 >   "正在停止采集...end. ID:30001" 
[INFO]2025-07-17 17:28:04.900 < MVOperateCameraThread.cpp, line:683 >   "正在关闭相机...begin. ID:30001" 
[WARN]2025-07-17 17:28:04.900 < , line:0 >   QThread::wait: Thread tried to wait on itself 
[INFO]2025-07-17 17:28:04.907 < MVFeatureTree.cpp, line:2634 >   "MVFeatureTree::UpdateFeatures " 
[INFO]2025-07-17 17:28:04.967 < MVOperateCameraThread.cpp, line:297 >   "DisConnectCamera succeed. [CameraID:30001]" 
[INFO]2025-07-17 17:28:04.968 < MVOperateCameraThread.cpp, line:711 >   "正在关闭相机...end. ID:30001" 
[INFO]2025-07-17 17:28:04.970 < MVMultiRenderWidget.cpp, line:459 >   "Remove The Render Widget In Ceil [Camera ID : 30001]" 
[INFO]2025-07-17 17:28:04.970 < QMvCentralWindow.cpp, line:3345 >   "change Feature Widget [CameraID : ffffffffffffffff]" 
[INFO]2025-07-17 17:28:04.998 < MVMultiRenderWidget.cpp, line:415 >   "Add The Render Widget Into Ceil [Camera ID : -1]" 
[DEBUG]2025-07-17 17:28:05.036 < , line:0 >   "execCommand : pidof MVS" 
[DEBUG]2025-07-17 17:28:05.048 < , line:0 >   "execCommand : kill -s 9 68751" 
